Arguments: 
  /home/roma/.nvm/versions/node/v6.9.5/bin/node /usr/share/yarn/bin/yarn.js install

PATH: 
  /home/roma/.rvm/gems/ruby-2.3.0/bin:/home/roma/.rvm/gems/ruby-2.3.0@global/bin:/home/roma/.rvm/rubies/ruby-2.3.0/bin:/home/roma/.nvm/versions/node/v6.9.5/bin:/usr/local/sbin:/usr/local/bin:/usr/sbin:/usr/bin:/sbin:/bin:/usr/games:/usr/local/games:/usr/local/go/bin:/snap/bin:/usr/lib/jvm/java-8-oracle/bin:/usr/lib/jvm/java-8-oracle/db/bin:/usr/lib/jvm/java-8-oracle/jre/bin:/home/roma/.rvm/bin

Yarn version: 
  0.20.3

Node version: 
  6.9.5

Platform: 
  linux x64

npm manifest: 
  {
    "name": "recipe-book",
    "version": "0.0.0",
    "license": "MIT",
    "angular-cli": {},
    "scripts": {
      "ng": "ng",
      "start": "ng serve",
      "test": "ng test",
      "lint": "ng lint",
      "e2e": "ng e2e"
    },
    "private": true,
    "dependencies": {
      "@angular/common": "^2.4.0",
      "@angular/compiler": "^2.4.0",
      "@angular/core": "^2.4.0",
      "@angular/forms": "^2.4.0",
      "@angular/http": "^2.4.0",
      "@angular/platform-browser": "^2.4.0",
      "@angular/platform-browser-dynamic": "^2.4.0",
      "@angular/router": "^3.4.0",
      "core-js": "^2.4.1",
      "rxjs": "^5.0.1",
      "ts-helpers": "^1.1.1",
      "zone.js": "^0.7.2"
    },
    "devDependencies": {
      "@angular/cli": "1.0.0-beta.31",
      "@angular/compiler-cli": "^2.4.0",
      "@types/jasmine": "2.5.38",
      "@types/node": "^6.0.42",
      "codelyzer": "~2.0.0-beta.1",
      "jasmine-core": "2.5.2",
      "jasmine-spec-reporter": "2.5.0",
      "karma": "1.2.0",
      "karma-chrome-launcher": "^2.0.0",
      "karma-cli": "^1.0.1",
      "karma-jasmine": "^1.0.2",
      "karma-coverage-istanbul-reporter": "^0.2.0",
      "protractor": "~5.1.0",
      "ts-node": "1.2.1",
      "tslint": "^4.3.0",
      "typescript": "~2.0.0"
    }
  }

yarn manifest: 
  No manifest

Lockfile: 
  No lockfile

Trace: 
  Error: EIO: i/o error, read
      at Error (native)
